<?xml version="1.0" encoding="UTF-8"?>
<!-- Generated by org.testng.reporters.JUnitReportReporter -->
<testsuite hostname="DESKTOP-L5FG45T" failures="0" tests="3" name="testNG_Pakage.PriorityClass" time="17.149" errors="0" timestamp="2024-02-01T11:03:01 EST" skipped="0">
  <testcase classname="testNG_Pakage.PriorityClass" name="openingAmazonSite" time="6.859"/>
  <system-out/>
  <testcase classname="testNG_Pakage.PriorityClass" name="openingYahooSite" time="5.645"/>
  <system-out/>
  <testcase classname="testNG_Pakage.PriorityClass" name="openingCnbcSite" time="4.645"/>
  <system-out/>
</testsuite> <!-- testNG_Pakage.PriorityClass -->
