<?xml version="1.0" encoding="UTF-8"?>
<!-- Generated by org.testng.reporters.JUnitReportReporter -->
<testsuite hostname="DESKTOP-L5FG45T" failures="0" tests="1" name="practicePackage.Assingnment3" time="14.517" errors="0" timestamp="2024-02-06T11:23:39 EST" skipped="0">
  <testcase classname="practicePackage.Assingnment3" name="Search" time="14.517"/>
  <system-out/>
</testsuite> <!-- practicePackage.Assingnment3 -->
