<?xml version="1.0" encoding="UTF-8"?>
<!-- Generated by org.testng.reporters.JUnitReportReporter -->
<testsuite hostname="DESKTOP-L5FG45T" failures="0" tests="1" name="testNG_Pakage.BeforeAfterClass" time="5.198" errors="0" timestamp="2024-02-13T12:53:46 EST" skipped="0">
  <testcase classname="testNG_Pakage.BeforeAfterClass" name="performLogin" time="5.198"/>
  <system-out/>
</testsuite> <!-- testNG_Pakage.BeforeAfterClass -->
