<?xml version="1.0" encoding="UTF-8"?>
<!-- Generated by org.testng.reporters.JUnitReportReporter -->
<testsuite hostname="DESKTOP-L5FG45T" failures="0" tests="3" name="testNG_Pakage.OpenWebsite" time="20.120" errors="0" timestamp="2024-01-30T07:17:59 EST" skipped="0">
  <testcase classname="testNG_Pakage.OpenWebsite" name="openingAmazonSite" time="7.801"/>
  <system-out/>
  <testcase classname="testNG_Pakage.OpenWebsite" name="openingYahooSite" time="6.199"/>
  <system-out/>
  <testcase classname="testNG_Pakage.OpenWebsite" name="openingCnbcSite" time="6.120"/>
  <system-out/>
</testsuite> <!-- testNG_Pakage.OpenWebsite -->
