<?xml version="1.0" encoding="UTF-8"?>
<!-- Generated by org.testng.reporters.JUnitReportReporter -->
<testsuite hostname="DESKTOP-L5FG45T" failures="0" tests="3" name="testNG_Pakage.DataProviderClass" time="16.864" errors="0" timestamp="2024-02-21T15:42:42 EST" skipped="0">
  <testcase classname="testNG_Pakage.DataProviderClass" name="checking" time="4.961"/>
  <system-out/>
  <testcase classname="testNG_Pakage.DataProviderClass" name="checking" time="6.592"/>
  <system-out/>
  <testcase classname="testNG_Pakage.DataProviderClass" name="checking" time="5.311"/>
  <system-out/>
</testsuite> <!-- testNG_Pakage.DataProviderClass -->
