<?xml version="1.0" encoding="UTF-8"?>
<!-- Generated by org.testng.reporters.JUnitReportReporter -->
<testsuite hostname="DESKTOP-L5FG45T" failures="0" tests="1" name="testNG_Pakage.NewTest" time="0.011" errors="0" timestamp="2024-01-30T06:15:18 EST" skipped="0">
  <testcase classname="testNG_Pakage.NewTest" name="f" time="0.011"/>
  <system-out/>
</testsuite> <!-- testNG_Pakage.NewTest -->
