<?xml version="1.0" encoding="UTF-8"?>
<!-- Generated by org.testng.reporters.JUnitReportReporter -->
<testsuite hostname="DESKTOP-L5FG45T" failures="0" tests="5" name="practicePackage.Assignment_01" time="29.804" errors="0" timestamp="2024-02-10T07:39:26 EST" skipped="0">
  <testcase classname="practicePackage.Assignment_01" name="verifyLogin" time="10.954"/>
  <system-out/>
  <testcase classname="practicePackage.Assignment_01" name="Search" time="3.843"/>
  <system-out/>
  <testcase classname="practicePackage.Assignment_01" name="assertHomePage" time="5.190"/>
  <system-out/>
  <testcase classname="practicePackage.Assignment_01" name="Subscribe" time="4.634"/>
  <system-out/>
  <testcase classname="practicePackage.Assignment_01" name="Payment" time="5.183"/>
  <system-out/>
</testsuite> <!-- practicePackage.Assignment_01 -->
