<?xml version="1.0" encoding="UTF-8"?>
<!-- Generated by org.testng.reporters.JUnitReportReporter -->
<testsuite hostname="DESKTOP-L5FG45T" failures="0" tests="1" name="practicePackage.Assignment_02" time="5.487" errors="0" timestamp="2024-02-21T15:43:30 EST" skipped="0">
  <testcase classname="practicePackage.Assignment_02" name="Login" time="5.487"/>
  <system-out/>
</testsuite> <!-- practicePackage.Assignment_02 -->
