<?xml version="1.0" encoding="UTF-8"?>
<!-- Generated by org.testng.reporters.JUnitReportReporter -->
<testsuite hostname="DESKTOP-L5FG45T" failures="0" tests="1" name="practicePackage.Itlearn360" time="7.474" errors="0" timestamp="2024-02-06T11:22:52 EST" skipped="0">
  <testcase classname="practicePackage.Itlearn360" name="Login" time="7.474"/>
  <system-out/>
</testsuite> <!-- practicePackage.Itlearn360 -->
